<?xml version="1.0" encoding="UTF-8"?>
<testsuite name="Paytm Test" tests="1" skipped="0" failures="0" errors="0" timestamp="2021-08-14T20:24:18" hostname="LAPTOP-4H6OV0G5" time="64.468">
  <properties/>
  <testcase name="Run an Automation Test session based" classname="Paytm Test" time="64.468"/>
  <system-out><![CDATA[
@FirstFeature
Scenario: Run an Automation Test session based                                      # src/test/java/features/PaytmTestFeature.feature:4
  Given User is on flipkart website                                                 # stepDefinations.FlipkartTestStepDefination.user_is_on_flipkart_website()
  When Search for the product fetched from DB table on that page                    # stepDefinations.FlipkartTestStepDefination.search_for_the_product_on_that_page()
  And click on search and in categories click mobiles                               # stepDefinations.FlipkartTestStepDefination.click_on_search_and_in_categories_click_mobiles()
  And Apply the filters brand and select assured                                    # stepDefinations.FlipkartTestStepDefination.apply_the_filters_brand_and_select_assured()
  And Sort the entries sorting                                                      # stepDefinations.FlipkartTestStepDefination.sort_the_entries_sorting()
Product Name[8 GB RAM | 512 GB ROM | Expandable Upto 512 GB
15.49 cm (6.1 inch) Quad HD+ Display
16MP + 12MP | 10MP Front Camera
3400 mAh Lithium-ion Battery
Exynos 9 9820 Processor
Brand Warranty of 1 Year Available for Mobile and 6 Months for Accessories, 4.3120 Ratings & 14 Reviews, 4.296 Ratings & 16 Reviews, 4.419,162 Ratings & 2,855 Reviews, 4.512,740 Ratings & 3,051 Reviews, 4.512,740 Ratings & 3,051 Reviews, 4761 Ratings & 96 Reviews, 4761 Ratings & 96 Reviews, 4761 Ratings & 96 Reviews, 4761 Ratings & 96 Reviews, 4.41,111 Ratings & 118 Reviews, 4.41,111 Ratings & 118 Reviews, 4.2331 Ratings & 17 Reviews, 4.3478 Ratings & 34 Reviews, 4.21,331 Ratings & 107 Reviews, 4.21,331 Ratings & 107 Reviews, 4.27,514 Ratings & 680 Reviews, 4.27,514 Ratings & 680 Reviews, 4.27,514 Ratings & 680 Reviews, 4.34,174 Ratings & 361 Reviews, 4.34,174 Ratings & 361 Reviews, SAMSUNG Galaxy A50s (Prism Crush Black, 128 GB), 4.34,174 Ratings & 361 Reviews, 4.27,514 Ratings & 680 Reviews]
Product Price[No Cost EMI, ?83,999, , ?83,000, , , ?44,990, ?65,999, ?65,999, ?65,999, , , ?23,990, ?20,500, ?19,900, ?21,000, ?18,999, ?18,999, ?19,990, ?17,999, ?17,999, ?14,999, ?15,499, ?15,999]
Product Link[https://www.flipkart.com/samsung-galaxy-s10-prism-white-512-gb/p/itmfdyp6ydvhczvg?pid=MOBFDNHARGTYX5YG&lid=LSTMOBFDNHARGTYX5YGZPHCFJ&marketplace=FLIPKART&q=Samsung+Galaxy+S10&store=tyy%2F4io&srno=s_1_1&otracker=search&otracker1=search&fm=organic&iid=7bc56b78-e174-49a6-a30b-d6071ce9aa55.MOBFDNHARGTYX5YG.SEARCH&ppt=None&ppn=None&ssid=zfx8rlk0800000001628972701523&qH=8e78838d0b7698a3, https://www.flipkart.com/samsung-galaxy-s21-phantom-violet-128-gb/p/itm916d671b27b8d?pid=MOBFZ3TM5FT52G79&lid=LSTMOBFZ3TM5FT52G79RTBHT2&marketplace=FLIPKART&q=Samsung+Galaxy+S10&store=tyy%2F4io&srno=s_1_2&otracker=search&otracker1=search&fm=organic&iid=7bc56b78-e174-49a6-a30b-d6071ce9aa55.MOBFZ3TM5FT52G79.SEARCH&ppt=None&ppn=None&ssid=zfx8rlk0800000001628972701523&qH=8e78838d0b7698a3, https://www.flipkart.com/samsung-galaxy-s20-ultra-cosmic-gray-128-gb/p/itma25b4687846b4?pid=MOBFZXZ22CWZ2JZB&lid=LSTMOBFZXZ22CWZ2JZBAEGCGN&marketplace=FLIPKART&q=Samsung+Galaxy+S10&store=tyy%2F4io&srno=s_1_3&otracker=search&otracker1=search&fm=organic&iid=7bc56b78-e174-49a6-a30b-d6071ce9aa55.MOBFZXZ22CWZ2JZB.SEARCH&ppt=None&ppn=None&ssid=zfx8rlk0800000001628972701523&qH=8e78838d0b7698a3, https://www.flipkart.com/samsung-galaxy-s20-cosmic-gray-128-gb/p/itm7087be7ae167c?pid=MOBFZXZ25TPA68VH&lid=LSTMOBFZXZ25TPA68VHU5XEKN&marketplace=FLIPKART&q=Samsung+Galaxy+S10&store=tyy%2F4io&srno=s_1_4&otracker=search&otracker1=search&fm=organic&iid=7bc56b78-e174-49a6-a30b-d6071ce9aa55.MOBFZXZ25TPA68VH.SEARCH&ppt=None&ppn=None&ssid=zfx8rlk0800000001628972701523&qH=8e78838d0b7698a3, https://www.flipkart.com/samsung-galaxy-s10-lite-prism-black-512-gb/p/itm17d286bbca7ba?pid=MOBFPDVHFE8VVD9R&lid=LSTMOBFPDVHFE8VVD9RHSOJBE&marketplace=FLIPKART&q=Samsung+Galaxy+S10&store=tyy%2F4io&srno=s_1_5&otracker=search&otracker1=search&fm=organic&iid=7bc56b78-e174-49a6-a30b-d6071ce9aa55.MOBFPDVHFE8VVD9R.SEARCH&ppt=None&ppn=None&ssid=zfx8rlk0800000001628972701523&qH=8e78838d0b7698a3, https://www.flipkart.com/samsung-galaxy-s10-lite-prism-white-512-gb/p/itm13f6d0d4e0b60?pid=MOBFPDVHRHKHDNZE&lid=LSTMOBFPDVHRHKHDNZE077I9E&marketplace=FLIPKART&q=Samsung+Galaxy+S10&store=tyy%2F4io&srno=s_1_6&otracker=search&otracker1=search&fm=organic&iid=7bc56b78-e174-49a6-a30b-d6071ce9aa55.MOBFPDVHRHKHDNZE.SEARCH&ppt=None&ppn=None&ssid=zfx8rlk0800000001628972701523&qH=8e78838d0b7698a3, https://www.flipkart.com/samsung-galaxy-s20-fe-cloud-navy-128-gb/p/itm90f8fb032ae3c?pid=MOBFWAVTQNMETGGG&lid=LSTMOBFWAVTQNMETGGGGANZVF&marketplace=FLIPKART&q=Samsung+Galaxy+S10&store=tyy%2F4io&srno=s_1_7&otracker=search&otracker1=search&fm=organic&iid=7bc56b78-e174-49a6-a30b-d6071ce9aa55.MOBFWAVTQNMETGGG.SEARCH&ppt=None&ppn=None&ssid=zfx8rlk0800000001628972701523&qH=8e78838d0b7698a3, https://www.flipkart.com/samsung-galaxy-s20-fe-cloud-mint-128-gb/p/itm7fa1752323997?pid=MOBFWAVTKRH6GFQG&lid=LSTMOBFWAVTKRH6GFQGIXJDO8&marketplace=FLIPKART&q=Samsung+Galaxy+S10&store=tyy%2F4io&srno=s_1_8&otracker=search&otracker1=search&fm=organic&iid=7bc56b78-e174-49a6-a30b-d6071ce9aa55.MOBFWAVTKRH6GFQG.SEARCH&ppt=None&ppn=None&ssid=zfx8rlk0800000001628972701523&qH=8e78838d0b7698a3, https://www.flipkart.com/samsung-galaxy-s20-fe-cloud-lavender-128-gb/p/itm963c7deda5fe1?pid=MOBFWAVTM5YD3JNE&lid=LSTMOBFWAVTM5YD3JNERH5YQZ&marketplace=FLIPKART&q=Samsung+Galaxy+S10&store=tyy%2F4io&srno=s_1_9&otracker=search&otracker1=search&fm=organic&iid=7bc56b78-e174-49a6-a30b-d6071ce9aa55.MOBFWAVTM5YD3JNE.SEARCH&ppt=None&ppn=None&ssid=zfx8rlk0800000001628972701523&qH=8e78838d0b7698a3, https://www.flipkart.com/samsung-galaxy-s20-fe-cloud-white-128-gb/p/itm43c3c96db2180?pid=MOBFWAVTMGYNUDHW&lid=LSTMOBFWAVTMGYNUDHW6E1W6T&marketplace=FLIPKART&q=Samsung+Galaxy+S10&store=tyy%2F4io&srno=s_1_10&otracker=search&otracker1=search&fm=organic&iid=7bc56b78-e174-49a6-a30b-d6071ce9aa55.MOBFWAVTMGYNUDHW.SEARCH&ppt=None&ppn=None&ssid=zfx8rlk0800000001628972701523&qH=8e78838d0b7698a3, https://www.flipkart.com/samsung-galaxy-a70s-prism-crush-red-128-gb/p/itmff05153bfcfa0?pid=MOBFKKGRHVDRVUY6&lid=LSTMOBFKKGRHVDRVUY6RCARTS&marketplace=FLIPKART&q=Samsung+Galaxy+S10&store=tyy%2F4io&srno=s_1_11&otracker=search&otracker1=search&fm=organic&iid=7bc56b78-e174-49a6-a30b-d6071ce9aa55.MOBFKKGRHVDRVUY6.SEARCH&ppt=None&ppn=None&ssid=zfx8rlk0800000001628972701523&qH=8e78838d0b7698a3, https://www.flipkart.com/samsung-galaxy-a70s-prism-crush-white-128-gb/p/itm57a85273f03b6?pid=MOBFKKGRJCHHRJS5&lid=LSTMOBFKKGRJCHHRJS5Z6YUTR&marketplace=FLIPKART&q=Samsung+Galaxy+S10&store=tyy%2F4io&srno=s_1_12&otracker=search&otracker1=search&fm=organic&iid=7bc56b78-e174-49a6-a30b-d6071ce9aa55.MOBFKKGRJCHHRJS5.SEARCH&ppt=None&ppn=None&ssid=zfx8rlk0800000001628972701523&qH=8e78838d0b7698a3, https://www.flipkart.com/samsung-m31s-mirage-blue-128-gb/p/itm3c444f9c5c566?pid=MOBFUZYBUZWNKB6G&lid=LSTMOBFUZYBUZWNKB6GZIYIQE&marketplace=FLIPKART&q=Samsung+Galaxy+S10&store=tyy%2F4io&srno=s_1_13&otracker=search&otracker1=search&fm=organic&iid=7bc56b78-e174-49a6-a30b-d6071ce9aa55.MOBFUZYBUZWNKB6G.SEARCH&ppt=None&ppn=None&ssid=zfx8rlk0800000001628972701523&qH=8e78838d0b7698a3, https://www.flipkart.com/samsung-galaxy-m31s-mirage-black-128-gb/p/itm34ee37ee1d8a0?pid=MOBFVWCTZYMFQH3J&lid=LSTMOBFVWCTZYMFQH3JDZ16VI&marketplace=FLIPKART&q=Samsung+Galaxy+S10&store=tyy%2F4io&srno=s_1_14&otracker=search&otracker1=search&fm=organic&iid=7bc56b78-e174-49a6-a30b-d6071ce9aa55.MOBFVWCTZYMFQH3J.SEARCH&ppt=None&ppn=None&ssid=zfx8rlk0800000001628972701523&qH=8e78838d0b7698a3, https://www.flipkart.com/samsung-galaxy-m31s-mirage-blue-128-gb/p/itmad022b9abd4b6?pid=MOBFUYMQUW5EKE7R&lid=LSTMOBFUYMQUW5EKE7RVPGGSK&marketplace=FLIPKART&q=Samsung+Galaxy+S10&store=tyy%2F4io&srno=s_1_15&otracker=search&otracker1=search&fm=organic&iid=7bc56b78-e174-49a6-a30b-d6071ce9aa55.MOBFUYMQUW5EKE7R.SEARCH&ppt=None&ppn=None&ssid=zfx8rlk0800000001628972701523&qH=8e78838d0b7698a3, https://www.flipkart.com/samsung-galaxy-m31s-mirage-black-128-gb/p/itmb9b4be5c16ee2?pid=MOBFV25HNQP3VNGP&lid=LSTMOBFV25HNQP3VNGPPXSMXN&marketplace=FLIPKART&q=Samsung+Galaxy+S10&store=tyy%2F4io&srno=s_1_16&otracker=search&otracker1=search&fm=organic&iid=7bc56b78-e174-49a6-a30b-d6071ce9aa55.MOBFV25HNQP3VNGP.SEARCH&ppt=None&ppn=None&ssid=zfx8rlk0800000001628972701523&qH=8e78838d0b7698a3, https://www.flipkart.com/samsung-galaxy-a21s-silver-128-gb/p/itm50164b698e22c?pid=MOBFWCFDGDW84W6G&lid=LSTMOBFWCFDGDW84W6GC3VIAZ&marketplace=FLIPKART&q=Samsung+Galaxy+S10&store=tyy%2F4io&srno=s_1_17&otracker=search&otracker1=search&fm=organic&iid=7bc56b78-e174-49a6-a30b-d6071ce9aa55.MOBFWCFDGDW84W6G.SEARCH&ppt=None&ppn=None&ssid=zfx8rlk0800000001628972701523&qH=8e78838d0b7698a3, https://www.flipkart.com/samsung-galaxy-a21s-blue-128-gb/p/itm9b1380dccb8dc?pid=MOBFWCFDZWGKHXNG&lid=LSTMOBFWCFDZWGKHXNGRN8EX0&marketplace=FLIPKART&q=Samsung+Galaxy+S10&store=tyy%2F4io&srno=s_1_18&otracker=search&otracker1=search&fm=organic&iid=7bc56b78-e174-49a6-a30b-d6071ce9aa55.MOBFWCFDZWGKHXNG.SEARCH&ppt=None&ppn=None&ssid=zfx8rlk0800000001628972701523&qH=8e78838d0b7698a3, https://www.flipkart.com/samsung-galaxy-a21s-white-64-gb/p/itmcdf5214511a42?pid=MOBFSFMJFZDCCQZT&lid=LSTMOBFSFMJFZDCCQZTVR3CYI&marketplace=FLIPKART&q=Samsung+Galaxy+S10&store=tyy%2F4io&srno=s_1_19&otracker=search&otracker1=search&fm=organic&iid=7bc56b78-e174-49a6-a30b-d6071ce9aa55.MOBFSFMJFZDCCQZT.SEARCH&ppt=None&ppn=None&ssid=zfx8rlk0800000001628972701523&qH=8e78838d0b7698a3, https://www.flipkart.com/samsung-galaxy-m30s-blue-128-gb/p/itm79f7239a3b086?pid=MOBFSHFBFGNWPSXF&lid=LSTMOBFSHFBFGNWPSXFS0B5DA&marketplace=FLIPKART&q=Samsung+Galaxy+S10&store=tyy%2F4io&srno=s_1_20&otracker=search&otracker1=search&fm=organic&iid=7bc56b78-e174-49a6-a30b-d6071ce9aa55.MOBFSHFBFGNWPSXF.SEARCH&ppt=None&ppn=None&ssid=zfx8rlk0800000001628972701523&qH=8e78838d0b7698a3, https://www.flipkart.com/samsung-galaxy-m30s-black-128-gb/p/itm91339c429de64?pid=MOBFSHFB6MXGJNH6&lid=LSTMOBFSHFB6MXGJNH6HIRTHU&marketplace=FLIPKART&q=Samsung+Galaxy+S10&store=tyy%2F4io&srno=s_1_21&otracker=search&otracker1=search&fm=organic&iid=7bc56b78-e174-49a6-a30b-d6071ce9aa55.MOBFSHFB6MXGJNH6.SEARCH&ppt=None&ppn=None&ssid=zfx8rlk0800000001628972701523&qH=8e78838d0b7698a3, https://www.flipkart.com/samsung-galaxy-a50s-prism-crush-black-128-gb/p/itm31b19a153195b?pid=MOBFK4REY2CUGAG7&lid=LSTMOBFK4REY2CUGAG76S22LA&marketplace=FLIPKART&q=Samsung+Galaxy+S10&store=tyy%2F4io&srno=s_1_22&otracker=search&otracker1=search&fm=organic&iid=7bc56b78-e174-49a6-a30b-d6071ce9aa55.MOBFK4REY2CUGAG7.SEARCH&ppt=None&ppn=None&ssid=zfx8rlk0800000001628972701523&qH=8e78838d0b7698a3, https://www.flipkart.com/samsung-galaxy-m30s-blue-64-gb/p/itmd5730f5bdb0b1?pid=MOBFKZ78EV34ZQRY&lid=LSTMOBFKZ78EV34ZQRYN3H2BI&marketplace=FLIPKART&q=Samsung+Galaxy+S10&store=tyy%2F4io&srno=s_1_23&otracker=search&otracker1=search&fm=organic&iid=7bc56b78-e174-49a6-a30b-d6071ce9aa55.MOBFKZ78EV34ZQRY.SEARCH&ppt=None&ppn=None&ssid=zfx8rlk0800000001628972701523&qH=8e78838d0b7698a3, https://www.flipkart.com/samsung-galaxy-a21s-black-64-gb/p/itm32c75908268b4?pid=MOBFSFMJ7F9YHGGC&lid=LSTMOBFSFMJ7F9YHGGCV9TAFC&marketplace=FLIPKART&q=Samsung+Galaxy+S10&store=tyy%2F4io&srno=s_1_24&otracker=search&otracker1=search&fm=organic&iid=7bc56b78-e174-49a6-a30b-d6071ce9aa55.MOBFSFMJ7F9YHGGC.SEARCH&ppt=None&ppn=None&ssid=zfx8rlk0800000001628972701523&qH=8e78838d0b7698a3]
  And read the result of first page Product Name, Display Price and show on console # stepDefinations.FlipkartTestStepDefination.read_the_result_of_first_page_Product_Name_Display_Price_and_show_on_console()
]]></system-out>
  <system-err><![CDATA[Aug 15, 2021 1:54:28 AM org.openqa.selenium.remote.ProtocolHandshake createSession
INFO: Detected dialect: W3C
]]></system-err>
</testsuite>
