<?xml version="1.0" encoding="UTF-8"?>
<testsuite name="Paytm Test" tests="1" skipped="0" failures="0" errors="0" timestamp="2021-05-02T16:13:53" hostname="LAPTOP-4H6OV0G5" time="13.214">
  <properties/>
  <testcase name="Run an Automation Test session based" classname="Paytm Test" time="13.214"/>
  <system-out><![CDATA[launching Chrome browser
Product Name[SAMSUNG Galaxy S21 Ultra (Phantom Black, 256 GB), SAMSUNG Galaxy S20 Ultra (Cosmic Gray, 128 GB), SAMSUNG Galaxy S10 (Prism White, 512 GB), SAMSUNG Galaxy S21 Plus (Phantom Black, 256 GB), SAMSUNG Galaxy S21 Plus (Phantom Silver, 256 GB), SAMSUNG Galaxy S21 Plus (Phantom Violet, 256 GB), SAMSUNG Galaxy S21 Plus (Phantom Violet, 128 GB), SAMSUNG Galaxy S21 Plus (Phantom Black, 128 GB), SAMSUNG Galaxy S21 Plus (Phantom Silver, 128 GB), SAMSUNG Galaxy S10 (Prism Blue, 128 GB), SAMSUNG Galaxy S9 Plus (Burgundy Red, 64 GB), SAMSUNG Galaxy S9 Plus (Midnight Black, 64 GB), SAMSUNG Galaxy S20+ (Cosmic Gray, 128 GB), SAMSUNG Galaxy S8 Plus (Coral Blue, 64 GB), SAMSUNG Galaxy S8 Plus (Midnight Black, 64 GB), SAMSUNG Galaxy S8 Plus (Maple Gold, 64 GB), SAMSUNG Galaxy S20 FE (Cloud Navy, 128 GB), SAMSUNG Galaxy S20 FE (Cloud White, 128 GB), SAMSUNG Galaxy S20 FE (Cloud Lavender, 128 GB), SAMSUNG Galaxy S20 FE (Cloud Mint, 128 GB), SAMSUNG Galaxy S10 Lite (Prism Black, 512 GB), SAMSUNG Galaxy S10 Lite (Prism Blue, 512 GB), SAMSUNG Galaxy A70s (Prism Crush Red, 128 GB), SAMSUNG Galaxy A70s (Prism Crush White, 128 GB)]
Product Price[?1,05,999, ?1,03,000, ?92,000, ?80,999, ?80,999, ?80,999, ?76,999, ?76,999, ?76,999, ?71,000, ?70,000, ?70,000, ?54,999, ?53,990, ?53,990, ?53,990, ?49,999, ?49,999, ?49,999, ?49,999, ?45,999, ?44,990, ?25,999, ?25,999]
Product Link[https://www.flipkart.com/samsung-galaxy-s21-ultra-phantom-black-256-gb/p/itmbec2f700e2ff3?pid=MOBFZ3TMSMXZATX3&lid=LSTMOBFZ3TMSMXZATX354XEIV&marketplace=FLIPKART&q=Samsung+Galaxy+S10&store=tyy%2F4io&srno=s_1_1&otracker=search&otracker1=search&fm=organic&iid=0734dbfb-0b63-41cd-b442-cba21a86067e.MOBFZ3TMSMXZATX3.SEARCH&ppt=None&ppn=None&ssid=fiqzgxregw0000001619972045450&qH=8e78838d0b7698a3, https://www.flipkart.com/samsung-galaxy-s20-ultra-cosmic-gray-128-gb/p/itma25b4687846b4?pid=MOBFZXZ22CWZ2JZB&lid=LSTMOBFZXZ22CWZ2JZB7GKWML&marketplace=FLIPKART&q=Samsung+Galaxy+S10&store=tyy%2F4io&srno=s_1_2&otracker=search&otracker1=search&fm=organic&iid=0734dbfb-0b63-41cd-b442-cba21a86067e.MOBFZXZ22CWZ2JZB.SEARCH&ppt=None&ppn=None&ssid=fiqzgxregw0000001619972045450&qH=8e78838d0b7698a3, https://www.flipkart.com/samsung-galaxy-s10-prism-white-512-gb/p/itmfdyp6ydvhczvg?pid=MOBFDNHARGTYX5YG&lid=LSTMOBFDNHARGTYX5YGZPHCFJ&marketplace=FLIPKART&q=Samsung+Galaxy+S10&store=tyy%2F4io&srno=s_1_3&otracker=search&otracker1=search&fm=organic&iid=0734dbfb-0b63-41cd-b442-cba21a86067e.MOBFDNHARGTYX5YG.SEARCH&ppt=None&ppn=None&ssid=fiqzgxregw0000001619972045450&qH=8e78838d0b7698a3, https://www.flipkart.com/samsung-galaxy-s21-plus-phantom-black-256-gb/p/itm1e8ce2b1729cf?pid=MOBFZ3TMAZGVZF5D&lid=LSTMOBFZ3TMAZGVZF5DQJFNGL&marketplace=FLIPKART&q=Samsung+Galaxy+S10&store=tyy%2F4io&srno=s_1_4&otracker=search&otracker1=search&fm=organic&iid=0734dbfb-0b63-41cd-b442-cba21a86067e.MOBFZ3TMAZGVZF5D.SEARCH&ppt=None&ppn=None&ssid=fiqzgxregw0000001619972045450&qH=8e78838d0b7698a3, https://www.flipkart.com/samsung-galaxy-s21-plus-phantom-silver-256-gb/p/itm91e816538b593?pid=MOBFZ3TMHZ2WATFY&lid=LSTMOBFZ3TMHZ2WATFYUBE3AB&marketplace=FLIPKART&q=Samsung+Galaxy+S10&store=tyy%2F4io&srno=s_1_5&otracker=search&otracker1=search&fm=organic&iid=0734dbfb-0b63-41cd-b442-cba21a86067e.MOBFZ3TMHZ2WATFY.SEARCH&ppt=None&ppn=None&ssid=fiqzgxregw0000001619972045450&qH=8e78838d0b7698a3, https://www.flipkart.com/samsung-galaxy-s21-plus-phantom-violet-256-gb/p/itm56665cfc0924f?pid=MOBFZ3TM9RVNZACT&lid=LSTMOBFZ3TM9RVNZACTO0G0NE&marketplace=FLIPKART&q=Samsung+Galaxy+S10&store=tyy%2F4io&srno=s_1_6&otracker=search&otracker1=search&fm=organic&iid=0734dbfb-0b63-41cd-b442-cba21a86067e.MOBFZ3TM9RVNZACT.SEARCH&ppt=None&ppn=None&ssid=fiqzgxregw0000001619972045450&qH=8e78838d0b7698a3, https://www.flipkart.com/samsung-galaxy-s21-plus-phantom-violet-128-gb/p/itm6b93d46604033?pid=MOBFZ3TMT2RHYG5K&lid=LSTMOBFZ3TMT2RHYG5KXJOVPS&marketplace=FLIPKART&q=Samsung+Galaxy+S10&store=tyy%2F4io&srno=s_1_7&otracker=search&otracker1=search&fm=organic&iid=0734dbfb-0b63-41cd-b442-cba21a86067e.MOBFZ3TMT2RHYG5K.SEARCH&ppt=None&ppn=None&ssid=fiqzgxregw0000001619972045450&qH=8e78838d0b7698a3, https://www.flipkart.com/samsung-galaxy-s21-plus-phantom-black-128-gb/p/itm9a7e14ec0799d?pid=MOBFZ3TMYQ8WTHJE&lid=LSTMOBFZ3TMYQ8WTHJE7MWZ1U&marketplace=FLIPKART&q=Samsung+Galaxy+S10&store=tyy%2F4io&srno=s_1_8&otracker=search&otracker1=search&fm=organic&iid=0734dbfb-0b63-41cd-b442-cba21a86067e.MOBFZ3TMYQ8WTHJE.SEARCH&ppt=None&ppn=None&ssid=fiqzgxregw0000001619972045450&qH=8e78838d0b7698a3, https://www.flipkart.com/samsung-galaxy-s21-plus-phantom-silver-128-gb/p/itme73a877a223a7?pid=MOBFZ3TMYAWQAJDP&lid=LSTMOBFZ3TMYAWQAJDP0NFLEA&marketplace=FLIPKART&q=Samsung+Galaxy+S10&store=tyy%2F4io&srno=s_1_9&otracker=search&otracker1=search&fm=organic&iid=0734dbfb-0b63-41cd-b442-cba21a86067e.MOBFZ3TMYAWQAJDP.SEARCH&ppt=None&ppn=None&ssid=fiqzgxregw0000001619972045450&qH=8e78838d0b7698a3, https://www.flipkart.com/samsung-galaxy-s10-prism-blue-128-gb/p/itmfdyp6pajfhsvf?pid=MOBFDNHAYZYR5VXE&lid=LSTMOBFDNHAYZYR5VXEY81WFW&marketplace=FLIPKART&q=Samsung+Galaxy+S10&store=tyy%2F4io&srno=s_1_10&otracker=search&otracker1=search&fm=organic&iid=0734dbfb-0b63-41cd-b442-cba21a86067e.MOBFDNHAYZYR5VXE.SEARCH&ppt=None&ppn=None&ssid=fiqzgxregw0000001619972045450&qH=8e78838d0b7698a3, https://www.flipkart.com/samsung-galaxy-s9-plus-burgundy-red-64-gb/p/itmfbtwzfy7kq5cy?pid=MOBFBM2FAGEB8F3X&lid=LSTMOBFBM2FAGEB8F3XNDDOBT&marketplace=FLIPKART&q=Samsung+Galaxy+S10&store=tyy%2F4io&srno=s_1_11&otracker=search&otracker1=search&fm=organic&iid=0734dbfb-0b63-41cd-b442-cba21a86067e.MOBFBM2FAGEB8F3X.SEARCH&ppt=None&ppn=None&ssid=fiqzgxregw0000001619972045450&qH=8e78838d0b7698a3, https://www.flipkart.com/samsung-galaxy-s9-plus-midnight-black-64-gb/p/itmf33a6baxzmzfq?pid=MOBF2VWVGZCF39YY&lid=LSTMOBF2VWVGZCF39YYKQAGBC&marketplace=FLIPKART&q=Samsung+Galaxy+S10&store=tyy%2F4io&srno=s_1_12&otracker=search&otracker1=search&fm=organic&iid=0734dbfb-0b63-41cd-b442-cba21a86067e.MOBF2VWVGZCF39YY.SEARCH&ppt=None&ppn=None&ssid=fiqzgxregw0000001619972045450&qH=8e78838d0b7698a3, https://www.flipkart.com/samsung-galaxy-s20-cosmic-gray-128-gb/p/itm7087be7ae167c?pid=MOBFZXZ25TPA68VH&lid=LSTMOBFZXZ25TPA68VHU5XEKN&marketplace=FLIPKART&q=Samsung+Galaxy+S10&store=tyy%2F4io&srno=s_1_13&otracker=search&otracker1=search&fm=organic&iid=0734dbfb-0b63-41cd-b442-cba21a86067e.MOBFZXZ25TPA68VH.SEARCH&ppt=None&ppn=None&ssid=fiqzgxregw0000001619972045450&qH=8e78838d0b7698a3, https://www.flipkart.com/samsung-galaxy-s8-plus-coral-blue-64-gb/p/itmethrykawm5u68?pid=MOBESYV77M4Q7AUH&lid=LSTMOBESYV77M4Q7AUHAPV3RR&marketplace=FLIPKART&q=Samsung+Galaxy+S10&store=tyy%2F4io&srno=s_1_14&otracker=search&otracker1=search&fm=organic&iid=0734dbfb-0b63-41cd-b442-cba21a86067e.MOBESYV77M4Q7AUH.SEARCH&ppt=None&ppn=None&ssid=fiqzgxregw0000001619972045450&qH=8e78838d0b7698a3, https://www.flipkart.com/samsung-galaxy-s8-plus-midnight-black-64-gb/p/itmethrymujayh4y?pid=MOBESYUWPQW5ZQWV&lid=LSTMOBESYUWPQW5ZQWVSE6W9I&marketplace=FLIPKART&q=Samsung+Galaxy+S10&store=tyy%2F4io&srno=s_1_15&otracker=search&otracker1=search&fm=organic&iid=0734dbfb-0b63-41cd-b442-cba21a86067e.MOBESYUWPQW5ZQWV.SEARCH&ppt=None&ppn=None&ssid=fiqzgxregw0000001619972045450&qH=8e78838d0b7698a3, https://www.flipkart.com/samsung-galaxy-s8-plus-maple-gold-64-gb/p/itmethry6ccarwmq?pid=MOBESYV7EGGFN3RH&lid=LSTMOBESYV7EGGFN3RHS63QQ2&marketplace=FLIPKART&q=Samsung+Galaxy+S10&store=tyy%2F4io&srno=s_1_16&otracker=search&otracker1=search&fm=organic&iid=0734dbfb-0b63-41cd-b442-cba21a86067e.MOBESYV7EGGFN3RH.SEARCH&ppt=None&ppn=None&ssid=fiqzgxregw0000001619972045450&qH=8e78838d0b7698a3, https://www.flipkart.com/samsung-galaxy-s20-fe-cloud-navy-128-gb/p/itm90f8fb032ae3c?pid=MOBFWAVTQNMETGGG&lid=LSTMOBFWAVTQNMETGGGIJYV5O&marketplace=FLIPKART&q=Samsung+Galaxy+S10&store=tyy%2F4io&srno=s_1_17&otracker=search&otracker1=search&fm=organic&iid=0734dbfb-0b63-41cd-b442-cba21a86067e.MOBFWAVTQNMETGGG.SEARCH&ppt=None&ppn=None&ssid=fiqzgxregw0000001619972045450&qH=8e78838d0b7698a3, https://www.flipkart.com/samsung-galaxy-s20-fe-cloud-white-128-gb/p/itm43c3c96db2180?pid=MOBFWAVTMGYNUDHW&lid=LSTMOBFWAVTMGYNUDHW6E1W6T&marketplace=FLIPKART&q=Samsung+Galaxy+S10&store=tyy%2F4io&srno=s_1_18&otracker=search&otracker1=search&fm=organic&iid=0734dbfb-0b63-41cd-b442-cba21a86067e.MOBFWAVTMGYNUDHW.SEARCH&ppt=None&ppn=None&ssid=fiqzgxregw0000001619972045450&qH=8e78838d0b7698a3, https://www.flipkart.com/samsung-galaxy-s20-fe-cloud-lavender-128-gb/p/itm963c7deda5fe1?pid=MOBFWAVTM5YD3JNE&lid=LSTMOBFWAVTM5YD3JNERH5YQZ&marketplace=FLIPKART&q=Samsung+Galaxy+S10&store=tyy%2F4io&srno=s_1_19&otracker=search&otracker1=search&fm=organic&iid=0734dbfb-0b63-41cd-b442-cba21a86067e.MOBFWAVTM5YD3JNE.SEARCH&ppt=None&ppn=None&ssid=fiqzgxregw0000001619972045450&qH=8e78838d0b7698a3, https://www.flipkart.com/samsung-galaxy-s20-fe-cloud-mint-128-gb/p/itm7fa1752323997?pid=MOBFWAVTKRH6GFQG&lid=LSTMOBFWAVTKRH6GFQGIXJDO8&marketplace=FLIPKART&q=Samsung+Galaxy+S10&store=tyy%2F4io&srno=s_1_20&otracker=search&otracker1=search&fm=organic&iid=0734dbfb-0b63-41cd-b442-cba21a86067e.MOBFWAVTKRH6GFQG.SEARCH&ppt=None&ppn=None&ssid=fiqzgxregw0000001619972045450&qH=8e78838d0b7698a3, https://www.flipkart.com/samsung-galaxy-s10-lite-prism-black-512-gb/p/itm17d286bbca7ba?pid=MOBFPDVHFE8VVD9R&lid=LSTMOBFPDVHFE8VVD9RCNLMY9&marketplace=FLIPKART&q=Samsung+Galaxy+S10&store=tyy%2F4io&srno=s_1_21&otracker=search&otracker1=search&fm=organic&iid=0734dbfb-0b63-41cd-b442-cba21a86067e.MOBFPDVHFE8VVD9R.SEARCH&ppt=None&ppn=None&ssid=fiqzgxregw0000001619972045450&qH=8e78838d0b7698a3, https://www.flipkart.com/samsung-galaxy-s10-lite-prism-blue-512-gb/p/itmbd1470b934615?pid=MOBFPDVHAJMVXUYZ&lid=LSTMOBFPDVHAJMVXUYZZ0W1VA&marketplace=FLIPKART&q=Samsung+Galaxy+S10&store=tyy%2F4io&srno=s_1_22&otracker=search&otracker1=search&fm=organic&iid=0734dbfb-0b63-41cd-b442-cba21a86067e.MOBFPDVHAJMVXUYZ.SEARCH&ppt=None&ppn=None&ssid=fiqzgxregw0000001619972045450&qH=8e78838d0b7698a3, https://www.flipkart.com/samsung-galaxy-a70s-prism-crush-red-128-gb/p/itmff05153bfcfa0?pid=MOBFKKGRHVDRVUY6&lid=LSTMOBFKKGRHVDRVUY6RCARTS&marketplace=FLIPKART&q=Samsung+Galaxy+S10&store=tyy%2F4io&srno=s_1_23&otracker=search&otracker1=search&fm=organic&iid=0734dbfb-0b63-41cd-b442-cba21a86067e.MOBFKKGRHVDRVUY6.SEARCH&ppt=None&ppn=None&ssid=fiqzgxregw0000001619972045450&qH=8e78838d0b7698a3, https://www.flipkart.com/samsung-galaxy-a70s-prism-crush-white-128-gb/p/itm57a85273f03b6?pid=MOBFKKGRJCHHRJS5&lid=LSTMOBFKKGRJCHHRJS5Z6YUTR&marketplace=FLIPKART&q=Samsung+Galaxy+S10&store=tyy%2F4io&srno=s_1_24&otracker=search&otracker1=search&fm=organic&iid=0734dbfb-0b63-41cd-b442-cba21a86067e.MOBFKKGRJCHHRJS5.SEARCH&ppt=None&ppn=None&ssid=fiqzgxregw0000001619972045450&qH=8e78838d0b7698a3]
]]></system-out>
  <system-err><![CDATA[Starting ChromeDriver 90.0.4430.24 (4c6d850f087da467d926e8eddb76550aed655991-refs/branch-heads/4430@{#429}) on port 39000
Only local connections are allowed.
Please see https://chromedriver.chromium.org/security-considerations for suggestions on keeping ChromeDriver safe.
ChromeDriver was started successfully.
May 02, 2021 9:43:56 PM org.openqa.selenium.remote.ProtocolHandshake createSession
INFO: Detected dialect: W3C
]]></system-err>
</testsuite>
